<?xml version="1.0" encoding="UTF-8"?>
<!-- Generated by org.testng.reporters.JUnitReportReporter -->
<testsuite hostname="LAPTOP-B2PIFPU5" failures="0" tests="1" name="org.home.category.eat_split.BaseClass" time="10.240" errors="0" timestamp="2023-06-29T10:43:24 IST" skipped="0">
  <testcase classname="org.home.category.eat_split.BaseClass" name="someAction" time="10.240"/>
  <system-out/>
</testsuite> <!-- org.home.category.eat_split.BaseClass -->
