<?xml version="1.0" encoding="UTF-8"?>
<!-- Generated by org.testng.reporters.JUnitReportReporter -->
<testsuite hostname="LAPTOP-B2PIFPU5" failures="0" tests="1" name="org.home.category.Risva_Rachna.BaseClass" time="9.736" errors="0" timestamp="2023-07-02T22:51:28 IST" skipped="0">
  <testcase classname="org.home.category.Risva_Rachna.BaseClass" name="someAction" time="9.736"/>
  <system-out/>
</testsuite> <!-- org.home.category.Risva_Rachna.BaseClass -->
